<?xml version="1.0" encoding="UTF-8"?>
<!-- Generated by org.testng.reporters.JUnitXMLReporter -->
<testsuite ignored="0" hostname="Sheetals-Laptop.local" failures="0" tests="5" name="Default test" time="2.365" errors="0" timestamp="2023-07-20T13:59:32 EDT">
  <testcase classname="com.solvd.automation.carina.demo.DummyJsonApiSampleTest" name="testCreateProduct" time="1.182"/>
  <testcase classname="com.solvd.automation.carina.demo.DummyJsonApiSampleTest" name="testDeleteProduct" time="0.268"/>
  <testcase classname="com.solvd.automation.carina.demo.DummyJsonApiSampleTest" name="testGetAllProducts" time="0.337"/>
  <testcase classname="com.solvd.automation.carina.demo.DummyJsonApiSampleTest" name="testGetSingleProduct" time="0.258"/>
  <testcase classname="com.solvd.automation.carina.demo.DummyJsonApiSampleTest" name="testUpdateProduct" time="0.274"/>
</testsuite> <!-- Default test -->
