<?xml version="1.0" encoding="UTF-8"?>
<testng-results ignored="0" total="1" passed="1" failed="0" skipped="0">
  <reporter-output>
  </reporter-output>
  <suite started-at="2023-08-12T23:19:59 EDT" name="Default suite" finished-at="2023-08-12T23:20:24 EDT" duration-ms="25736">
    <groups>
    </groups>
    <test started-at="2023-08-12T23:19:59 EDT" name="Default test" finished-at="2023-08-12T23:20:24 EDT" duration-ms="25736">
      <class name="com.automation.practice.web.KeyboardActionsTest">
        <test-method signature="testKeyboardAction()[pri:0, instance:com.automation.practice.web.KeyboardActionsTest@188532da]" started-at="2023-08-12T23:19:59 EDT" name="testKeyboardAction" finished-at="2023-08-12T23:20:24 EDT" duration-ms="25530" status="PASS">
          <reporter-output>
          </reporter-output>
        </test-method> <!-- testKeyboardAction -->
        <test-method is-config="true" signature="onCarinaAfterMethod()[pri:0, instance:com.automation.practice.web.KeyboardActionsTest@188532da]" started-at="2023-08-12T23:20:24 EDT" name="onCarinaAfterMethod" finished-at="2023-08-12T23:20:24 EDT" duration-ms="1" status="PASS">
          <reporter-output>
          </reporter-output>
        </test-method> <!-- onCarinaAfterMethod -->
      </class> <!-- com.automation.practice.web.KeyboardActionsTest -->
    </test> <!-- Default test -->
  </suite> <!-- Default suite -->
</testng-results>
